# JRE version: OpenJDK Runtime Environment (11.0.8+10) (build 11.0.8+10-b944.6842174)
# Java VM: OpenJDK 64-Bit Server VM (11.0.8+10-b944.6842174, mixed mode, tiered, compressed oops, g1 gc, windows-amd64)
Heap:
 garbage-first heap   total 462848K, used 173609K [0x00000000a0000000, 0x0000000100000000)
  region size 1024K, 8 young (8192K), 8 survivors (8192K)
 Metaspace       used 83081K, capacity 85044K, committed 85632K, reserved 1124352K
  class space    used 10520K, capacity 11183K, committed 11392K, reserved 1048576K
GC Heap History (20 events):
Event: 21.421 GC heap after
{Heap after GC invocations=34 (full 0):
 garbage-first heap   total 315392K, used 142684K [0x00000000a0000000, 0x0000000100000000)
  region size 1024K, 2 young (2048K), 2 survivors (2048K)
 Metaspace       used 81643K, capacity 83592K, committed 84224K, reserved 1122304K
  class space    used 10438K, capacity 11089K, committed 11264K, reserved 1048576K
}
Event: 21.670 GC heap before
{Heap before GC invocations=34 (full 0):
 garbage-first heap   total 315392K, used 258396K [0x00000000a0000000, 0x0000000100000000)
  region size 1024K, 116 young (118784K), 2 survivors (2048K)
 Metaspace       used 82236K, capacity 84130K, committed 84864K, reserved 1122304K
  class space    used 10488K, capacity 11158K, committed 11392K, reserved 1048576K
}
Event: 21.679 GC heap after
{Heap after GC invocations=35 (full 0):
 garbage-first heap   total 366592K, used 145096K [0x00000000a0000000, 0x0000000100000000)
  region size 1024K, 5 young (5120K), 5 survivors (5120K)
 Metaspace       used 82236K, capacity 84130K, committed 84864K, reserved 1122304K
  class space    used 10488K, capacity 11158K, committed 11392K, reserved 1048576K
}
Event: 21.924 GC heap before
{Heap before GC invocations=35 (full 0):
 garbage-first heap   total 366592K, used 281288K [0x00000000a0000000, 0x0000000100000000)
  region size 1024K, 138 young (141312K), 5 survivors (5120K)
 Metaspace       used 82435K, capacity 84334K, committed 84864K, reserved 1122304K
  class space    used 10493K, capacity 11161K, committed 11392K, reserved 1048576K
}
Event: 21.934 GC heap after
{Heap after GC invocations=36 (full 0):
 garbage-first heap   total 366592K, used 147937K [0x00000000a0000000, 0x0000000100000000)
  region size 1024K, 7 young (7168K), 7 survivors (7168K)
 Metaspace       used 82435K, capacity 84334K, committed 84864K, reserved 1122304K
  class space    used 10493K, capacity 11161K, committed 11392K, reserved 1048576K
}
Event: 22.231 GC heap before
{Heap before GC invocations=36 (full 0):
 garbage-first heap   total 366592K, used 304609K [0x00000000a0000000, 0x0000000100000000)
  region size 1024K, 161 young (164864K), 7 survivors (7168K)
 Metaspace       used 82477K, capacity 84418K, committed 85120K, reserved 1122304K
  class space    used 10496K, capacity 11166K, committed 11392K, reserved 1048576K
}
Event: 22.243 GC heap after
{Heap after GC invocations=37 (full 0):
 garbage-first heap   total 366592K, used 151732K [0x00000000a0000000, 0x0000000100000000)
  region size 1024K, 11 young (11264K), 11 survivors (11264K)
 Metaspace       used 82477K, capacity 84418K, committed 85120K, reserved 1122304K
  class space    used 10496K, capacity 11166K, committed 11392K, reserved 1048576K
}
Event: 22.552 GC heap before
{Heap before GC invocations=37 (full 0):
 garbage-first heap   total 366592K, used 310452K [0x00000000a0000000, 0x0000000100000000)
  region size 1024K, 164 young (167936K), 11 survivors (11264K)
 Metaspace       used 82607K, capacity 84495K, committed 85120K, reserved 1122304K
  class space    used 10500K, capacity 11171K, committed 11392K, reserved 1048576K
}
Event: 22.566 GC heap after
{Heap after GC invocations=38 (full 0):
 garbage-first heap   total 366592K, used 152031K [0x00000000a0000000, 0x0000000100000000)
  region size 1024K, 11 young (11264K), 11 survivors (11264K)
 Metaspace       used 82607K, capacity 84495K, committed 85120K, reserved 1122304K
  class space    used 10500K, capacity 11171K, committed 11392K, reserved 1048576K
}
Event: 22.890 GC heap before
{Heap before GC invocations=38 (full 0):
 garbage-first heap   total 366592K, used 309727K [0x00000000a0000000, 0x0000000100000000)
  region size 1024K, 166 young (169984K), 11 survivors (11264K)
 Metaspace       used 82763K, capacity 84675K, committed 85120K, reserved 1122304K
  class space    used 10516K, capacity 11181K, committed 11392K, reserved 1048576K
}
Event: 22.902 GC heap after
{Heap after GC invocations=39 (full 0):
 garbage-first heap   total 366592K, used 154189K [0x00000000a0000000, 0x0000000100000000)
  region size 1024K, 13 young (13312K), 13 survivors (13312K)
 Metaspace       used 82763K, capacity 84675K, committed 85120K, reserved 1122304K
  class space    used 10516K, capacity 11181K, committed 11392K, reserved 1048576K
}
Event: 23.450 GC heap before
{Heap before GC invocations=39 (full 0):
 garbage-first heap   total 366592K, used 311885K [0x00000000a0000000, 0x0000000100000000)
  region size 1024K, 168 young (172032K), 13 survivors (13312K)
 Metaspace       used 82864K, capacity 84774K, committed 85376K, reserved 1124352K
  class space    used 10516K, capacity 11182K, committed 11392K, reserved 1048576K
}
Event: 23.468 GC heap after
{Heap after GC invocations=40 (full 0):
 garbage-first heap   total 415744K, used 158318K [0x00000000a0000000, 0x0000000100000000)
  region size 1024K, 15 young (15360K), 15 survivors (15360K)
 Metaspace       used 82864K, capacity 84774K, committed 85376K, reserved 1124352K
  class space    used 10516K, capacity 11182K, committed 11392K, reserved 1048576K
}
Event: 24.032 GC heap before
{Heap before GC invocations=40 (full 0):
 garbage-first heap   total 415744K, used 340590K [0x00000000a0000000, 0x0000000100000000)
  region size 1024K, 194 young (198656K), 15 survivors (15360K)
 Metaspace       used 82901K, capacity 84904K, committed 85376K, reserved 1124352K
  class space    used 10516K, capacity 11182K, committed 11392K, reserved 1048576K
}
Event: 24.057 GC heap after
{Heap after GC invocations=41 (full 0):
 garbage-first heap   total 415744K, used 168853K [0x00000000a0000000, 0x0000000100000000)
  region size 1024K, 24 young (24576K), 24 survivors (24576K)
 Metaspace       used 82901K, capacity 84904K, committed 85376K, reserved 1124352K
  class space    used 10516K, capacity 11182K, committed 11392K, reserved 1048576K
}
Event: 24.614 GC heap before
{Heap before GC invocations=41 (full 0):
 garbage-first heap   total 415744K, used 346005K [0x00000000a0000000, 0x0000000100000000)
  region size 1024K, 198 young (202752K), 24 survivors (24576K)
 Metaspace       used 82957K, capacity 84972K, committed 85376K, reserved 1124352K
  class space    used 10516K, capacity 11182K, committed 11392K, reserved 1048576K
}
Event: 24.633 GC heap after
{Heap after GC invocations=42 (full 0):
 garbage-first heap   total 415744K, used 170612K [0x00000000a0000000, 0x0000000100000000)
  region size 1024K, 14 young (14336K), 14 survivors (14336K)
 Metaspace       used 82957K, capacity 84972K, committed 85376K, reserved 1124352K
  class space    used 10516K, capacity 11182K, committed 11392K, reserved 1048576K
}
Event: 25.096 GC heap before
{Heap before GC invocations=42 (full 0):
 garbage-first heap   total 415744K, used 351860K [0x00000000a0000000, 0x0000000100000000)
  region size 1024K, 191 young (195584K), 14 survivors (14336K)
 Metaspace       used 83006K, capacity 84973K, committed 85376K, reserved 1124352K
  class space    used 10517K, capacity 11182K, committed 11392K, reserved 1048576K
}
Event: 25.112 GC heap after
{Heap after GC invocations=43 (full 0):
 garbage-first heap   total 415744K, used 173238K [0x00000000a0000000, 0x0000000100000000)
  region size 1024K, 7 young (7168K), 7 survivors (7168K)
 Metaspace       used 83006K, capacity 84973K, committed 85376K, reserved 1124352K
  class space    used 10517K, capacity 11182K, committed 11392K, reserved 1048576K
}
Event: 25.473 GC heap before
{Heap before GC invocations=43 (full 0):
 garbage-first heap   total 415744K, used 352438K [0x00000000a0000000, 0x0000000100000000)
  region size 1024K, 183 young (187392K), 7 survivors (7168K)
 Metaspace       used 83081K, capacity 85044K, committed 85632K, reserved 1124352K
  class space    used 10520K, capacity 11183K, committed 11392K, reserved 1048576K
}

