# JRE version: OpenJDK Runtime Environment (11.0.8+10) (build 11.0.8+10-b944.6842174)
# Java VM: OpenJDK 64-Bit Server VM (11.0.8+10-b944.6842174, mixed mode, tiered, compressed oops, g1 gc, windows-amd64)
Heap:
 garbage-first heap   total 380928K, used 168230K [0x00000000a0000000, 0x0000000100000000)
  region size 1024K, 3 young (3072K), 3 survivors (3072K)
 Metaspace       used 161268K, capacity 165313K, committed 165928K, reserved 1193984K
  class space    used 19121K, capacity 20402K, committed 20656K, reserved 1048576K
GC Heap History (20 events):
Event: 2707.981 GC heap after
{Heap after GC invocations=86 (full 0):
 garbage-first heap   total 262144K, used 151617K [0x00000000a0000000, 0x0000000100000000)
  region size 1024K, 10 young (10240K), 10 survivors (10240K)
 Metaspace       used 159663K, capacity 163796K, committed 163880K, reserved 1193984K
  class space    used 19013K, capacity 20323K, committed 20400K, reserved 1048576K
}
Event: 2707.992 GC heap before
{Heap before GC invocations=86 (full 0):
 garbage-first heap   total 262144K, used 152641K [0x00000000a0000000, 0x0000000100000000)
  region size 1024K, 12 young (12288K), 10 survivors (10240K)
 Metaspace       used 159665K, capacity 163796K, committed 163880K, reserved 1193984K
  class space    used 19013K, capacity 20323K, committed 20400K, reserved 1048576K
}
Event: 2708.007 GC heap after
{Heap after GC invocations=87 (full 0):
 garbage-first heap   total 262144K, used 149386K [0x00000000a0000000, 0x0000000100000000)
  region size 1024K, 2 young (2048K), 2 survivors (2048K)
 Metaspace       used 159665K, capacity 163796K, committed 163880K, reserved 1193984K
  class space    used 19013K, capacity 20323K, committed 20400K, reserved 1048576K
}
Event: 2708.249 GC heap before
{Heap before GC invocations=87 (full 0):
 garbage-first heap   total 262144K, used 212874K [0x00000000a0000000, 0x0000000100000000)
  region size 1024K, 65 young (66560K), 2 survivors (2048K)
 Metaspace       used 159954K, capacity 164169K, committed 164392K, reserved 1193984K
  class space    used 19042K, capacity 20361K, committed 20400K, reserved 1048576K
}
Event: 2708.259 GC heap after
{Heap after GC invocations=88 (full 0):
 garbage-first heap   total 262144K, used 154906K [0x00000000a0000000, 0x0000000100000000)
  region size 1024K, 7 young (7168K), 7 survivors (7168K)
 Metaspace       used 159954K, capacity 164169K, committed 164392K, reserved 1193984K
  class space    used 19042K, capacity 20361K, committed 20400K, reserved 1048576K
}
Event: 2708.466 GC heap before
{Heap before GC invocations=88 (full 0):
 garbage-first heap   total 262144K, used 215322K [0x00000000a0000000, 0x0000000100000000)
  region size 1024K, 68 young (69632K), 7 survivors (7168K)
 Metaspace       used 160530K, capacity 164764K, committed 165032K, reserved 1193984K
  class space    used 19102K, capacity 20444K, committed 20528K, reserved 1048576K
}
Event: 2708.481 GC heap after
{Heap after GC invocations=89 (full 0):
 garbage-first heap   total 262144K, used 164026K [0x00000000a0000000, 0x0000000100000000)
  region size 1024K, 9 young (9216K), 9 survivors (9216K)
 Metaspace       used 160530K, capacity 164764K, committed 165032K, reserved 1193984K
  class space    used 19102K, capacity 20444K, committed 20528K, reserved 1048576K
}
Event: 2708.649 GC heap before
{Heap before GC invocations=89 (full 0):
 garbage-first heap   total 262144K, used 216250K [0x00000000a0000000, 0x0000000100000000)
  region size 1024K, 61 young (62464K), 9 survivors (9216K)
 Metaspace       used 160868K, capacity 165080K, committed 165288K, reserved 1193984K
  class space    used 19142K, capacity 20484K, committed 20528K, reserved 1048576K
}
Event: 2708.670 GC heap after
{Heap after GC invocations=90 (full 0):
 garbage-first heap   total 262144K, used 169910K [0x00000000a0000000, 0x0000000100000000)
  region size 1024K, 7 young (7168K), 7 survivors (7168K)
 Metaspace       used 160868K, capacity 165080K, committed 165288K, reserved 1193984K
  class space    used 19142K, capacity 20484K, committed 20528K, reserved 1048576K
}
Event: 2708.875 GC heap before
{Heap before GC invocations=90 (full 0):
 garbage-first heap   total 262144K, used 218038K [0x00000000a0000000, 0x0000000100000000)
  region size 1024K, 55 young (56320K), 7 survivors (7168K)
 Metaspace       used 161273K, capacity 165463K, committed 165672K, reserved 1193984K
  class space    used 19181K, capacity 20525K, committed 20656K, reserved 1048576K
}
Event: 2708.885 GC heap after
{Heap after GC invocations=91 (full 0):
 garbage-first heap   total 262144K, used 172689K [0x00000000a0000000, 0x0000000100000000)
  region size 1024K, 4 young (4096K), 4 survivors (4096K)
 Metaspace       used 161273K, capacity 165463K, committed 165672K, reserved 1193984K
  class space    used 19181K, capacity 20525K, committed 20656K, reserved 1048576K
}
Event: 2709.167 GC heap before
{Heap before GC invocations=91 (full 0):
 garbage-first heap   total 262144K, used 219793K [0x00000000a0000000, 0x0000000100000000)
  region size 1024K, 51 young (52224K), 4 survivors (4096K)
 Metaspace       used 161139K, capacity 165228K, committed 165928K, reserved 1193984K
  class space    used 19107K, capacity 20394K, committed 20656K, reserved 1048576K
}
Event: 2709.177 GC heap after
{Heap after GC invocations=92 (full 0):
 garbage-first heap   total 262144K, used 173549K [0x00000000a0000000, 0x0000000100000000)
  region size 1024K, 5 young (5120K), 5 survivors (5120K)
 Metaspace       used 161139K, capacity 165228K, committed 165928K, reserved 1193984K
  class space    used 19107K, capacity 20394K, committed 20656K, reserved 1048576K
}
Event: 2709.311 GC heap before
{Heap before GC invocations=93 (full 0):
 garbage-first heap   total 262144K, used 220653K [0x00000000a0000000, 0x0000000100000000)
  region size 1024K, 52 young (53248K), 5 survivors (5120K)
 Metaspace       used 161139K, capacity 165228K, committed 165928K, reserved 1193984K
  class space    used 19107K, capacity 20394K, committed 20656K, reserved 1048576K
}
Event: 2709.319 GC heap after
{Heap after GC invocations=94 (full 0):
 garbage-first heap   total 262144K, used 175196K [0x00000000a0000000, 0x0000000100000000)
  region size 1024K, 4 young (4096K), 4 survivors (4096K)
 Metaspace       used 161139K, capacity 165228K, committed 165928K, reserved 1193984K
  class space    used 19107K, capacity 20394K, committed 20656K, reserved 1048576K
}
Event: 2709.342 GC heap before
{Heap before GC invocations=94 (full 0):
 garbage-first heap   total 262144K, used 183388K [0x00000000a0000000, 0x0000000100000000)
  region size 1024K, 12 young (12288K), 4 survivors (4096K)
 Metaspace       used 161139K, capacity 165228K, committed 165928K, reserved 1193984K
  class space    used 19107K, capacity 20394K, committed 20656K, reserved 1048576K
}
Event: 2709.377 GC heap after
{Heap after GC invocations=95 (full 0):
 garbage-first heap   total 262144K, used 166555K [0x00000000a0000000, 0x0000000100000000)
  region size 1024K, 1 young (1024K), 1 survivors (1024K)
 Metaspace       used 161139K, capacity 165228K, committed 165928K, reserved 1193984K
  class space    used 19107K, capacity 20394K, committed 20656K, reserved 1048576K
}
Event: 2709.563 GC heap before
{Heap before GC invocations=95 (full 0):
 garbage-first heap   total 262144K, used 218779K [0x00000000a0000000, 0x0000000100000000)
  region size 1024K, 53 young (54272K), 1 survivors (1024K)
 Metaspace       used 161167K, capacity 165249K, committed 165928K, reserved 1193984K
  class space    used 19114K, capacity 20402K, committed 20656K, reserved 1048576K
}
Event: 2709.573 GC heap after
{Heap after GC invocations=96 (full 0):
 garbage-first heap   total 262144K, used 167579K [0x00000000a0000000, 0x0000000100000000)
  region size 1024K, 2 young (2048K), 2 survivors (2048K)
 Metaspace       used 161167K, capacity 165249K, committed 165928K, reserved 1193984K
  class space    used 19114K, capacity 20402K, committed 20656K, reserved 1048576K
}
Event: 2709.846 GC heap before
{Heap before GC invocations=96 (full 0):
 garbage-first heap   total 262144K, used 221851K [0x00000000a0000000, 0x0000000100000000)
  region size 1024K, 55 young (56320K), 2 survivors (2048K)
 Metaspace       used 161268K, capacity 165313K, committed 165928K, reserved 1193984K
  class space    used 19121K, capacity 20402K, committed 20656K, reserved 1048576K
}

